[==========] Running 3 tests from 1 test suite.
[----------] Global test environment set-up.
[----------] 3 tests from ByteBuffer_Test
[ RUN      ] ByteBuffer_Test.ByteBuff_none_lock_read_write
[       OK ] ByteBuffer_Test.ByteBuff_none_lock_read_write (5443 ms)
[ RUN      ] ByteBuffer_Test.ByteBuffer_increase
[       OK ] ByteBuffer_Test.ByteBuffer_increase (32153 ms)
[ RUN      ] ByteBuffer_Test.mutil_thread_read_write
/home/ruanjian/workspace/project/my_code/buff/test/ByteBuffer_Test.cc:353: Failure
Expected equality of these values:
  test[0].test_write_data()
    Which is: false
  true
[  FAILED  ] ByteBuffer_Test.mutil_thread_read_write (1168733 ms)
[----------] 3 tests from ByteBuffer_Test (1206329 ms total)

[----------] Global test environment tear-down
[==========] 3 tests from 1 test suite ran. (1206329 ms total)
[  PASSED  ] 2 tests.
[  FAILED  ] 1 test, listed below:
[  FAILED  ] ByteBuffer_Test.mutil_thread_read_write

 1 FAILED TEST
[==========] Running 3 tests from 1 test suite.
[----------] Global test environment set-up.
[----------] 3 tests from ByteBuffer_Test
[ RUN      ] ByteBuffer_Test.ByteBuff_none_lock_read_write
[       OK ] ByteBuffer_Test.ByteBuff_none_lock_read_write (5476 ms)
[ RUN      ] ByteBuffer_Test.ByteBuffer_increase
[       OK ] ByteBuffer_Test.ByteBuffer_increase (32055 ms)
[ RUN      ] ByteBuffer_Test.mutil_thread_read_write
/home/ruanjian/workspace/project/my_code/buff/test/ByteBuffer_Test.cc:353: Failure
Expected equality of these values:
  test[0].test_write_data()
    Which is: false
  true
[  FAILED  ] ByteBuffer_Test.mutil_thread_read_write (1147156 ms)
[----------] 3 tests from ByteBuffer_Test (1184687 ms total)

[----------] Global test environment tear-down
[==========] 3 tests from 1 test suite ran. (1184687 ms total)
[  PASSED  ] 2 tests.
[  FAILED  ] 1 test, listed below:
[  FAILED  ] ByteBuffer_Test.mutil_thread_read_write

 1 FAILED TEST
[==========] Running 3 tests from 1 test suite.
[----------] Global test environment set-up.
[----------] 3 tests from ByteBuffer_Test
[ RUN      ] ByteBuffer_Test.ByteBuff_none_lock_read_write
[       OK ] ByteBuffer_Test.ByteBuff_none_lock_read_write (5484 ms)
[ RUN      ] ByteBuffer_Test.ByteBuffer_increase
[       OK ] ByteBuffer_Test.ByteBuffer_increase (32373 ms)
[ RUN      ] ByteBuffer_Test.mutil_thread_read_write
/home/ruanjian/workspace/project/my_code/buff/test/ByteBuffer_Test.cc:353: Failure
Expected equality of these values:
  test[0].test_write_data()
    Which is: false
  true
[  FAILED  ] ByteBuffer_Test.mutil_thread_read_write (1147638 ms)
[----------] 3 tests from ByteBuffer_Test (1185495 ms total)

[----------] Global test environment tear-down
[==========] 3 tests from 1 test suite ran. (1185495 ms total)
[  PASSED  ] 2 tests.
[  FAILED  ] 1 test, listed below:
[  FAILED  ] ByteBuffer_Test.mutil_thread_read_write

 1 FAILED TEST
[==========] Running 3 tests from 1 test suite.
[----------] Global test environment set-up.
[----------] 3 tests from ByteBuffer_Test
[ RUN      ] ByteBuffer_Test.ByteBuff_none_lock_read_write
[       OK ] ByteBuffer_Test.ByteBuff_none_lock_read_write (5427 ms)
[ RUN      ] ByteBuffer_Test.ByteBuffer_increase
[       OK ] ByteBuffer_Test.ByteBuffer_increase (32053 ms)
[ RUN      ] ByteBuffer_Test.mutil_thread_read_write
/home/ruanjian/workspace/project/my_code/buff/test/ByteBuffer_Test.cc:353: Failure
Expected equality of these values:
  test[0].test_write_data()
    Which is: false
  true
[  FAILED  ] ByteBuffer_Test.mutil_thread_read_write (1152905 ms)
[----------] 3 tests from ByteBuffer_Test (1190385 ms total)

[----------] Global test environment tear-down
[==========] 3 tests from 1 test suite ran. (1190385 ms total)
[  PASSED  ] 2 tests.
[  FAILED  ] 1 test, listed below:
[  FAILED  ] ByteBuffer_Test.mutil_thread_read_write

 1 FAILED TEST
[==========] Running 3 tests from 1 test suite.
[----------] Global test environment set-up.
[----------] 3 tests from ByteBuffer_Test
[ RUN      ] ByteBuffer_Test.ByteBuff_none_lock_read_write
[       OK ] ByteBuffer_Test.ByteBuff_none_lock_read_write (5437 ms)
[ RUN      ] ByteBuffer_Test.ByteBuffer_increase
[       OK ] ByteBuffer_Test.ByteBuffer_increase (31970 ms)
[ RUN      ] ByteBuffer_Test.mutil_thread_read_write
/home/ruanjian/workspace/project/my_code/buff/test/ByteBuffer_Test.cc:353: Failure
Expected equality of these values:
  test[0].test_write_data()
    Which is: false
  true
[  FAILED  ] ByteBuffer_Test.mutil_thread_read_write (1160500 ms)
[----------] 3 tests from ByteBuffer_Test (1197907 ms total)

[----------] Global test environment tear-down
[==========] 3 tests from 1 test suite ran. (1197908 ms total)
[  PASSED  ] 2 tests.
[  FAILED  ] 1 test, listed below:
[  FAILED  ] ByteBuffer_Test.mutil_thread_read_write

 1 FAILED TEST
[==========] Running 3 tests from 1 test suite.
[----------] Global test environment set-up.
[----------] 3 tests from ByteBuffer_Test
[ RUN      ] ByteBuffer_Test.ByteBuff_none_lock_read_write
[       OK ] ByteBuffer_Test.ByteBuff_none_lock_read_write (5544 ms)
[ RUN      ] ByteBuffer_Test.ByteBuffer_increase
[       OK ] ByteBuffer_Test.ByteBuffer_increase (32201 ms)
[ RUN      ] ByteBuffer_Test.mutil_thread_read_write
